<?xml version="1.0" encoding="UTF-8"?>
<!-- Generated by org.testng.reporters.JUnitReportReporter -->
<testsuite name="automation.poc.C1" tests="4" time="0.020" ignored="0" failures="0" timestamp="18 May 2017 15:54:42 GMT" skipped="0" hostname="IN45214454W3" errors="0">
  <testcase name="testcaseC1" time="0.000" classname="automation.poc.C1"/>
  <testcase name="testcaseC1" time="0.010" classname="automation.poc.C1"/>
  <testcase name="testcaseC1" time="0.000" classname="automation.poc.C1"/>
  <testcase name="testcaseC1" time="0.010" classname="automation.poc.C1"/>
</testsuite> <!-- automation.poc.C1 -->
