<?xml version="1.0" encoding="UTF-8"?>
<!-- Generated by org.testng.reporters.JUnitReportReporter -->
<testsuite name="automation.poc.C3" tests="2" time="0.020" ignored="0" failures="0" timestamp="18 May 2017 16:18:55 GMT" skipped="0" hostname="IN45214454W3" errors="0">
  <testcase name="testcaseC1" time="0.000" classname="automation.poc.C3"/>
  <testcase name="testcaseC1" time="0.020" classname="automation.poc.C3"/>
</testsuite> <!-- automation.poc.C3 -->
