<?xml version="1.0" encoding="UTF-8"?>
<!-- Generated by org.testng.reporters.JUnitReportReporter -->
<testsuite name="automation.poc.C4" tests="1" time="0.000" ignored="0" failures="0" timestamp="04 May 2017 06:14:40 GMT" skipped="1" hostname="IN45214454W3" errors="0">
  <testcase name="testcaseC3" time="0.000" classname="automation.poc.C4">
    <skipped/>
  </testcase> <!-- testcaseC3 -->
</testsuite> <!-- automation.poc.C4 -->
