<?xml version="1.0" encoding="UTF-8"?>
<!-- Generated by org.testng.reporters.JUnitReportReporter -->
<testsuite name="automation.datadriverntesting.DataDrivenTests" tests="4" time="23.520" ignored="0" failures="0" timestamp="26 Apr 2017 03:42:03 GMT" skipped="0" hostname="IN45214454W3" errors="0">
  <testcase name="Login" time="5.303" classname="automation.datadriverntesting.DataDrivenTests"/>
  <testcase name="Login" time="5.495" classname="automation.datadriverntesting.DataDrivenTests"/>
  <testcase name="Login" time="6.857" classname="automation.datadriverntesting.DataDrivenTests"/>
  <testcase name="Login" time="5.865" classname="automation.datadriverntesting.DataDrivenTests"/>
</testsuite> <!-- automation.datadriverntesting.DataDrivenTests -->
