<?xml version="1.0" encoding="UTF-8"?>
<!-- Generated by org.testng.reporters.JUnitReportReporter -->
<testsuite name="automation.testcase.WebElementInteractions" tests="2" time="29.565" ignored="0" failures="0" timestamp="22 Apr 2017 14:25:26 GMT" skipped="0" hostname="IN45214454W3" errors="0">
  <testcase name="listBoxes" time="12.466" classname="automation.testcase.WebElementInteractions"/>
  <testcase name="testcaseTohandleWebTable" time="17.099" classname="automation.testcase.WebElementInteractions"/>
</testsuite> <!-- automation.testcase.WebElementInteractions -->
